app/proguard-rules.pro
# Add project specific ProGuard rules here.
# You can control the set of applied configuration files using the
# proguardFiles setting in build.gradle.
#
# For more details, see
#   http://developer.android.com/guide/developing/tools/proguard.html

# If your project uses WebView with JS, uncomment the following
# and specify the fully qualified class name to the JavaScript interface
# class:
#-keepclassmembers class fqcn.of.javascript.interface.for.webview {
#   public *;
#}

# Uncomment this to preserve the line number information for
# debugging stack traces.
#-keepattributes SourceFile,LineNumberTable

# If you keep the line number information, uncomment this to
# hide the original source file name.
#-renamesourcefileattribute SourceFile
#指定代码的压缩级别
-optimizationpasses 5
#包明不混合大小写
-dontusemixedcaseclassnames
#不去忽略非公共的库类
-dontskipnonpubliclibraryclasses
-dontskipnonpubliclibraryclassmembers
 #优化  不优化输入的类文件
-dontoptimize
 #预校验
-dontpreverify
 #混淆时是否记录日志
-verbose
 # 混淆时所采用的算法
-ignorewarnings
-optimizations !code/simplification/arithmetic,!field/*,!class/merging/*
#保护注解
-keepattributes *Annotation*
#####################记录生成的日志数据,gradle build时在本项目根目录输出################

#apk 包内所有 class 的内部结构
-dump class_files.txt
#未混淆的类和成员
-printseeds seeds.txt
#列出从 apk 中删除的代码
-printusage unused.txt
#混淆前后的映射
-printmapping  mapping.txt
#####################不需要混淆的通用内容################
-dontwarn android.support.v4.**

-keep interface android.support.v4.app.** { *; }
-keep public class * extends android.app.Application

-dontwarn android.support.v7.**
-keep interface android.support.v7.internal.** { *; }
-keep public class * extends android.app.Activity      # 保持哪些类不被混淆
-keep public class * extends android.app.Application   # 保持哪些类不被混淆
-keep public class * extends android.app.Service       # 保持哪些类不被混淆
-keep public class * extends android.app.Fragment
-keep public class * extends android.content.BroadcastReceiver  # 保持哪些类不被混淆
-keep public class * extends android.content.ContentProvider    # 保持哪些类不被混淆
-keep public class * extends android.app.backup.BackupAgentHelper # 保持哪些类不被混淆
-keep public class * extends android.preference.Preference        # 保持哪些类不被混淆
-keep public class com.android.vending.licensing.ILicensingService    # 保持哪些类不被混淆
#View
-keepclasseswithmembernames class * {  # 保持 native 方法不被混淆
    native <methods>;
}
-keepclasseswithmembers class * {   # 保持自定义控件类不被混淆
    public <init>(android.content.Context, android.util.AttributeSet);
}
-keepclasseswithmembers class * {# 保持自定义控件类不被混淆
    public <init>(android.content.Context, android.util.AttributeSet, int);
}
-keepclassmembers class * extends android.app.Activity { # 保持自定义控件类不被混淆
    public void *(android.view.View);
}
-keepclassmembers enum * {     # 保持枚举 enum 类不被混淆
    public static **[] values();
    public static ** valueOf(java.lang.String);
}
-dontwarn com.android.support.**
-keep class com.android.support.**{*;}
-dontwarn android.animation.**
-keep class android.animation.**{*;}

# 保留继承的
-keep public class * extends android.support.v4.**
-keep public class * extends android.support.v7.**
-keep public class * extends android.support.annotation.**

#表示不混淆任何一个View中的setXxx()和getXxx()方法，
#因为属性动画需要有相应的setter和getter的方法实现，混淆了就无法工作了。
-keep public class * extends android.view.View{
    *** get*();
    void set*(***);
    public <init>(android.content.Context);
    public <init>(android.content.Context, android.util.AttributeSet);
    public <init>(android.content.Context, android.util.AttributeSet, int);
}
-keepclasseswithmembers class * {
    public <init>(android.content.Context, android.util.AttributeSet);
    public <init>(android.content.Context, android.util.AttributeSet, int);
}

#表示不混淆Parcelable实现类中的CREATOR字段，
#毫无疑问，CREATOR字段是绝对不能改变的，包括大小写都不能变，不然整个Parcelable工作机制都会失败。
-keep class * implements android.os.Parcelable {
  public static final android.os.Parcelable$Creator *;
}
# 这指定了继承Serizalizable的类的如下成员不被移除混淆
-keepclassmembers class * implements java.io.Serializable {
    static final long serialVersionUID;
    private static final java.io.ObjectStreamField[] serialPersistentFields;
    private void writeObject(java.io.ObjectOutputStream);
    private void readObject(java.io.ObjectInputStream);
    java.lang.Object writeReplace();
    java.lang.Object readResolve();
}

#kotlin
-keep class kotlin.** { *; }
-keep class kotlin.Metadata { *; }
-dontwarn kotlin.**
-keepclassmembers class **$WhenMappings {
    <fields>;
}
-keepclassmembers class kotlin.Metadata {
    public <methods>;
}
-assumenosideeffects class kotlin.jvm.internal.Intrinsics {
    static void checkParameterIsNotNull(java.lang.Object, java.lang.String);
}
-keepclasseswithmembernames class * {
    native <methods>;
}
-dontwarn java.lang.reflect.**
-dontwarn kotlin.reflect.**
-keep class java.lang.reflect.**{*;}
-keep class kotlin.reflect.**{*;}
-dontwarn kotlinx.android.synthetic.main.**
-keep class kotlinx.android.synthetic.main.**{*;}


# 保留我们自定义控件（继承自View）不被混淆
-keep public class * extends android.view.View{
    *** get*();
    void set*(***);
    public <init>(android.content.Context);
    public <init>(android.content.Context, android.util.AttributeSet);
    public <init>(android.content.Context, android.util.AttributeSet, int);
}
-keep class com.google.android.material.** {*;}
-keep class androidx.** {*;}
-keep public class * extends androidx.**
-keep interface androidx.** {*;}
-dontwarn com.google.android.material.**
-dontnote com.google.android.material.**
-dontwarn androidx.**

#
#----------------------------- WebView(项目中没有可以忽略) -----------------------------
#
#webView需要进行特殊处理
-keepclassmembers class fqcn.of.javascript.interface.for.Webview {
   public *;
}
-keepclassmembers class * extends android.webkit.WebViewClient {
    public void *(android.webkit.WebView, java.lang.String, android.graphics.Bitmap);
    public boolean *(android.webkit.WebView, java.lang.String);
}
-keepclassmembers class * extends android.webkit.WebViewClient {
    public void *(android.webkit.WebView, jav.lang.String);
}
# 删除代码中Log相关的代码
-assumenosideeffects class android.util.Log {
    public static boolean isLoggable(java.lang.String, int);
    public static int v(...);
    public static int i(...);
    public static int w(...);
    public static int d(...);
    public static int e(...);
}

#rx、databinding
-keep class rx.internal.util.unsafe.** { *; }
-keep class android.databinding.** { *; }

# 保持测试相关的代码
-dontnote junit.framework.**
-dontnote junit.runner.**
-dontwarn android.test.**
-dontwarn android.support.test.**
-dontwarn org.junit.**

#glide
-dontwarn com.bumptech.glide.**
-keep public class * implements com.bumptech.glide.module.GlideModule
-keep public enum com.bumptech.glide.load.resource.bitmap.ImageHeaderParser$** {
  **[] $VALUES;
  public *;
}

#序列化
-keepnames class * implements java.io.Serializable
-keepclassmembers class * implements java.io.Serializable {
   *;
}

#协程
-assumevalues class kotlinx.coroutines.Debugkt {
      static boolean DEBUG return true;
}

#获取OAID的工具包
-keep class com.bun.miitmdid.core.** {*;}