app/mapping.txt
# compiler: R8
# compiler_version: 1.5.69
# min_api: 19
# pg_map_id: d0a85e7
cn.com.finaldemo.DataBinderMapperImpl -> cn.com.finaldemo.DataBinderMapperImpl:
    android.util.SparseIntArray INTERNAL_LAYOUT_ID_LOOKUP -> a
    32:39:void <clinit>() -> <clinit>
    23:23:void <init>() -> <init>
    113:115:java.util.List collectDependencies() -> collectDependencies
    107:108:java.lang.String convertBrIdToString(int) -> convertBrIdToString
    43:76:androidx.databinding.ViewDataBinding getDataBinder(androidx.databinding.DataBindingComponent,android.view.View,int) -> getDataBinder
    81:82:androidx.databinding.ViewDataBinding getDataBinder(androidx.databinding.DataBindingComponent,android.view.View[],int) -> getDataBinder
    98:102:int getLayoutId(java.lang.String) -> getLayoutId
cn.com.finaldemo.DataBinderMapperImpl$InnerBrLookup -> cn.com.finaldemo.DataBinderMapperImpl$a:
    android.util.SparseArray sKeys -> a
    119:123:void <clinit>() -> <clinit>
cn.com.finaldemo.DataBinderMapperImpl$InnerLayoutIdLookup -> cn.com.finaldemo.DataBinderMapperImpl$b:
    java.util.HashMap sKeys -> a
    127:134:void <clinit>() -> <clinit>
cn.com.finaldemo.MainActivity -> cn.com.finaldemo.MainActivity:
    java.util.HashMap _$_findViewCache -> e
    15:15:void <init>() -> <init>
    android.view.View _$_findCachedViewById(int) -> a
    15:15:cn.com.finaldemo.base.viewmodel.BaseViewModel createViewModel() -> a
    19:19:cn.com.finaldemo.MainActivityModel createViewModel() -> a
    17:17:int getLayoutId() -> b
    22:31:void initView() -> c
    34:40:void loadData() -> d
cn.com.finaldemo.MainActivity$initView$$inlined$forEachIndexed$lambda$1 -> cn.com.finaldemo.MainActivity$a:
    cn.com.finaldemo.MainActivity this$0 -> d
    int $index -> c
    28:29:void onClick(android.view.View) -> onClick
cn.com.finaldemo.MainActivityModel -> cn.com.finaldemo.MainActivityModel:
    9:9:void <init>(cn.com.finaldemo.base.activity.IBaseView) -> <init>
    27:27:void cancelJob() -> a
cn.com.finaldemo.R$id -> b.a.a.a:
cn.com.finaldemo.adapter.MyFragmentAdapter -> cn.com.finaldemo.adapter.MyFragmentAdapter:
    java.util.List list -> a
    8:9:void <init>(java.util.List,androidx.fragment.app.FragmentManager) -> <init>
    16:16:int getCount() -> getCount
    11:13:androidx.fragment.app.Fragment getItem(int) -> getItem
cn.com.finaldemo.base.CustomApplication -> cn.com.finaldemo.base.CustomApplication:
    11:11:void <init>() -> <init>
    14:19:void onCreate() -> onCreate
cn.com.finaldemo.base.activity.BaseActivity -> cn.com.finaldemo.base.activity.BaseActivity:
    cn.com.finaldemo.base.viewmodel.BaseViewModel mViewModel -> d
    androidx.databinding.ViewDataBinding mBinding -> c
    26:26:void <init>() -> <init>
    cn.com.finaldemo.base.viewmodel.BaseViewModel createViewModel() -> a
    int getLayoutId() -> b
    void initView() -> c
    void loadData() -> d
    82:83:void unBinding() -> e
    42:73:void onCreate(android.os.Bundle) -> onCreate
    76:79:void onDestroy() -> onDestroy
cn.com.finaldemo.base.activity.BaseFragment -> cn.com.finaldemo.base.activity.BaseFragment:
    java.util.HashMap _$_findViewCache -> h
    boolean isViewCreated -> e
    cn.com.finaldemo.base.viewmodel.BaseViewModel mViewModel -> d
    boolean isUIVisible -> f
    boolean isLoadCompleted -> g
    androidx.databinding.ViewDataBinding mBinding -> c
    23:23:void <init>() -> <init>
    void _$_clearFindViewByIdCache() -> a
    cn.com.finaldemo.base.viewmodel.BaseViewModel createViewModel() -> b
    int getLayoutId() -> c
    void initView() -> d
    92:101:void lazyLoad() -> e
    void loadData() -> f
    110:111:void unBinding() -> g
    75:83:void onActivityCreated(android.os.Bundle) -> onActivityCreated
    49:60:android.view.View onCreateView(android.view.LayoutInflater,android.view.ViewGroup,android.os.Bundle) -> onCreateView
    104:107:void onDestroyView() -> onDestroyView
    86:88:void onHiddenChanged(boolean) -> onHiddenChanged
    64:72:void setUserVisibleHint(boolean) -> setUserVisibleHint
cn.com.finaldemo.base.activity.IBaseView -> b.a.a.b.a.a:
...
androidx.core.util.SparseBooleanArrayKt -> androidx.core.util.SparseBooleanArrayKt:
    27:27:boolean contains(android.util.SparseBooleanArray,int) -> contains
    41:41:boolean containsKey(android.util.SparseBooleanArray,int) -> containsKey
    44:44:boolean containsValue(android.util.SparseBooleanArray,boolean) -> containsValue
    75:78:void forEach(android.util.SparseBooleanArray,kotlin.jvm.functions.Function2) -> forEach
    47:47:boolean getOrDefault(android.util.SparseBooleanArray,int,boolean) -> getOrDefault
    51:51:boolean getOrElse(android.util.SparseBooleanArray,int,kotlin.jvm.functions.Function0) -> getOrElse
    24:24:int getSize(android.util.SparseBooleanArray) -> getSize
    54:54:boolean isEmpty(android.util.SparseBooleanArray) -> isEmpty
    57:57:boolean isNotEmpty(android.util.SparseBooleanArray) -> isNotEmpty
    81:85:kotlin.collections.IntIterator keyIterator(android.util.SparseBooleanArray) -> keyIterator
    34:37:android.util.SparseBooleanArray plus(android.util.SparseBooleanArray,android.util.SparseBooleanArray) -> plus
    71:71:void putAll(android.util.SparseBooleanArray,android.util.SparseBooleanArray) -> putAll
    61:67:boolean remove(android.util.SparseBooleanArray,int,boolean) -> remove
    30:30:void set(android.util.SparseBooleanArray,int,boolean) -> set
    88:92:kotlin.collections.BooleanIterator valueIterator(android.util.SparseBooleanArray) -> valueIterator
androidx.core.util.SparseBooleanArrayKt$keyIterator$1 -> androidx.core.util.SparseBooleanArrayKt$keyIterator$1:
    81:81:void <init>(android.util.SparseBooleanArray) -> <init>
    82:82:int getIndex() -> getIndex
    83:83:boolean hasNext() -> hasNext
    84:84:int nextInt() -> nextInt
    82:82:void setIndex(int) -> setIndex
androidx.core.util.SparseBooleanArrayKt$valueIterator$1 -> androidx.core.util.SparseBooleanArrayKt$valueIterator$1:
    88:88:void <init>(android.util.SparseBooleanArray) -> <init>
    89:89:int getIndex() -> getIndex
    90:90:boolean hasNext() -> hasNext
    91:91:boolean nextBoolean() -> nextBoolean
    89:89:void setIndex(int) -> setIndex
androidx.core.util.SparseIntArrayKt -> androidx.core.util.SparseIntArrayKt:
    27:27:boolean contains(android.util.SparseIntArray,int) -> contains
    41:41:boolean containsKey(android.util.SparseIntArray,int) -> containsKey
    44:44:boolean containsValue(android.util.SparseIntArray,int) -> containsValue
    74:77:void forEach(android.util.SparseIntArray,kotlin.jvm.functions.Function2) -> forEach
    47:47:int getOrDefault(android.util.SparseIntArray,int,int) -> getOrDefault
    51:51:int getOrElse(android.util.SparseIntArray,int,kotlin.jvm.functions.Function0) -> getOrElse
    24:24:int getSize(android.util.SparseIntArray) -> getSize
    54:54:boolean isEmpty(android.util.SparseIntArray) -> isEmpty
    57:57:boolean isNotEmpty(android.util.SparseIntArray) -> isNotEmpty
    80:84:kotlin.collections.IntIterator keyIterator(android.util.SparseIntArray) -> keyIterator
    34:37:android.util.SparseIntArray plus(android.util.SparseIntArray,android.util.SparseIntArray) -> plus
    70:70:void putAll(android.util.SparseIntArray,android.util.SparseIntArray) -> putAll
    61:66:boolean remove(android.util.SparseIntArray,int,int) -> remove
    30:30:void set(android.util.SparseIntArray,int,int) -> set
    87:91:kotlin.collections.IntIterator valueIterator(android.util.SparseIntArray) -> valueIterator
androidx.core.util.SparseIntArrayKt$keyIterator$1 -> androidx.core.util.SparseIntArrayKt$keyIterator$1:
    80:80:void <init>(android.util.SparseIntArray) -> <init>
    81:81:int getIndex() -> getIndex
    82:82:boolean hasNext() -> hasNext
    83:83:int nextInt() -> nextInt
    81:81:void setIndex(int) -> setIndex