app/unused.txt
cn.com.finaldemo.base.activity.IBaseView$DefaultImpls
cn.com.finaldemo.utils.GlideLoadUtilKt$load$2
cn.com.finaldemo.DataBindingInfo
cn.com.finaldemo.DataBinderMapperImpl
    private static final int LAYOUT_ACTIVITYMAIN
    private static final int LAYOUT_HOMEFRAGMENT
    private static final int LAYOUT_MINEFRAGMENT
    private static final int LAYOUT_TASKFRAGMENT
cn.com.finaldemo.R$string
cn.com.finaldemo.utils.GlideLoadUtilKt$load$1
cn.com.finaldemo.utils.GlideLoadUtilKt$loadRectangularImg$1
cn.com.finaldemo.BR
cn.com.finaldemo.databinding.MineFragmentBinding
    public static cn.com.finaldemo.databinding.MineFragmentBinding inflate(android.view.LayoutInflater,android.view.ViewGroup,boolean)
    public static cn.com.finaldemo.databinding.MineFragmentBinding inflate(android.view.LayoutInflater,android.view.ViewGroup,boolean,java.lang.Object)
    public static cn.com.finaldemo.databinding.MineFragmentBinding inflate(android.view.LayoutInflater)
    public static cn.com.finaldemo.databinding.MineFragmentBinding inflate(android.view.LayoutInflater,java.lang.Object)
    public static cn.com.finaldemo.databinding.MineFragmentBinding bind(android.view.View)
    public static cn.com.finaldemo.databinding.MineFragmentBinding bind(android.view.View,java.lang.Object)
cn.com.finaldemo.utils.MiitHelper
cn.com.finaldemo.R$mipmap
cn.com.finaldemo.base.activity.BaseFragment$setTitleRightClickCommon$1
cn.com.finaldemo.utils.MagicIndicatorTabViewKt
cn.com.finaldemo.module.mine.MineFragment
    public android.view.View _$_findCachedViewById(int)
cn.com.finaldemo.utils.GlideLoadUtilKt$load$3
cn.com.finaldemo.R$style
cn.com.finaldemo.module.task.TaskViewModel
    public void loadData(java.lang.Object)
    public void loadFinish(androidx.lifecycle.MutableLiveData)
    public void loadError(java.lang.String)
cn.com.finaldemo.utils.MagicIndicatorTabViewKt$TabBind$$inlined$apply$lambda$1$1
cn.com.finaldemo.R$raw
cn.com.finaldemo.utils.GlideLoadUtilKt$loadRight$1
cn.com.finaldemo.BuildConfig
cn.com.finaldemo.R$drawable
cn.com.finaldemo.base.activity.BaseActivity$setTitleRightCommon$1
cn.com.finaldemo.module.mine.MineViewModel
    public void loadData(java.lang.Object)
    public void loadFinish(androidx.lifecycle.MutableLiveData)
    public void loadError(java.lang.String)
cn.com.finaldemo.utils.CenterCropRoundCornerTransform
cn.com.finaldemo.R$xml
cn.com.finaldemo.utils.GlideLoadUtilKt$loadOnly$1
cn.com.finaldemo.R$attr
cn.com.finaldemo.R$color
cn.com.finaldemo.utils.GlideLoadUtilKt
cn.com.finaldemo.base.activity.BaseActivity
    public final androidx.databinding.ViewDataBinding getMBinding()
    public final void setMBinding(androidx.databinding.ViewDataBinding)
    public final cn.com.finaldemo.base.viewmodel.BaseViewModel getMViewModel()
    public final void setMViewModel(cn.com.finaldemo.base.viewmodel.BaseViewModel)
    public final void showLading(java.lang.String)
    public void showLading()
    public void hiddenLading()
    public final void setTitleCommon(android.view.ViewGroup,java.lang.String)
    public final void setTitleRightCommon(android.view.ViewGroup,java.lang.String,java.lang.String)
    public final void setTitleRightClickCommon(android.view.ViewGroup,java.lang.String,java.lang.String,kotlin.jvm.functions.Function0)
    public final void fetData(androidx.lifecycle.MutableLiveData,kotlin.jvm.functions.Function1)
    public void requestFinish(androidx.lifecycle.MutableLiveData)
    public void requestFinish(java.lang.Object,androidx.lifecycle.MutableLiveData)
    public void requestError(java.lang.String)
    public android.view.View _$_findCachedViewById(int)
    public void _$_clearFindViewByIdCache()
    private android.app.AlertDialog progressBar
    private android.widget.TextView progressBarText
    private java.util.HashMap _$_findViewCache
...
com.bumptech.glide.gifdecoder.GifHeader
    public static final int NETSCAPE_LOOP_COUNT_FOREVER
    public static final int NETSCAPE_LOOP_COUNT_DOES_NOT_EXIST
com.zui.opendeviceidlibrary.OpenDeviceId$CallBack
kotlinx.coroutines.channels.AbstractChannel$onReceive$1
kotlinx.coroutines.flow.FlowKt__CollectKt$collectIndexed$2$emit$1
kotlinx.coroutines.RunnableKt
okhttp3.Connection
retrofit2.http.HeaderMap
kotlinx.coroutines.channels.ChannelsKt
io.reactivex.internal.operators.completable.CompletableMergeDelayErrorArray$MergeInnerCompletableObserver
okhttp3.internal.ws.WebSocketWriter$FrameSink
org.greenrobot.eventbus.Subscribe
io.reactivex.internal.operators.observable.ObservableReplay$ScheduledReplaySupplier
io.reactivex.internal.operators.flowable.FlowableWithLatestFromMany
android.support.v4.media.MediaMetadataCompatApi21$Builder
io.reactivex.internal.schedulers.TrampolineScheduler$SleepingRunnable
io.reactivex.internal.operators.parallel.ParallelRunOn$RunOnConditionalSubscriber
kotlinx.coroutines.flow.FlowKt__MigrationKt$combineLatest$$inlined$combine$3$1
io.reactivex.internal.disposables.SequentialDisposable
io.reactivex.internal.fuseable.HasUpstreamPublisher
io.reactivex.internal.operators.observable.ObservableFlatMap$InnerObserver
okhttp3.RequestBody$1
io.reactivex.subjects.SingleSubject
kotlinx.coroutines.flow.FlowKt__ZipKt$combineTransform$$inlined$combineTransform$1$1
kotlinx.coroutines.flow.FlowKt__EmittersKt$transform$1
kotlinx.coroutines.channels.ChannelsKt__Channels_commonKt$lastIndexOf$1
com.bumptech.glide.util.pool.FactoryPools
    private void <init>()
    private static final java.lang.String TAG
    private static final int DEFAULT_POOL_SIZE
io.reactivex.internal.subscriptions.AsyncSubscription
com.bumptech.glide.load.engine.cache.ExternalPreferredCacheDiskCacheFactory
io.reactivex.internal.operators.observable.ObservableSwitchMap$SwitchMapObserver
com.bumptech.glide.signature.MediaStoreSignature
kotlinx.coroutines.CoroutineName
    public void <init>(java.lang.String)
    public static synthetic kotlinx.coroutines.CoroutineName copy$default(kotlinx.coroutines.CoroutineName,java.lang.String,int,java.lang.Object)
    public final java.lang.String component1()
    public final kotlinx.coroutines.CoroutineName copy(java.lang.String)
io.reactivex.internal.operators.flowable.AbstractFlowableWithUpstream
okhttp3.internal.http.CallServerInterceptor
com.bumptech.glide.load.MultiTransformation
android.support.v4.media.RatingCompat$Style
io.reactivex.internal.operators.flowable.FlowableInternalHelper$ReplayCallable
kotlinx.coroutines.flow.FlowKt__TransformKt$unsafeTransform$$inlined$unsafeFlow$2$1
com.google.gson.internal.LinkedHashTreeMap$Node
com.google.gson.JsonSerializationContext
io.reactivex.internal.operators.flowable.FlowableReduceSeedSingle
io.reactivex.internal.operators.parallel.ParallelDoOnNextTry$ParallelDoOnNextConditionalSubscriber
io.reactivex.internal.schedulers.IoScheduler
kotlinx.coroutines.channels.ValueOrClosed
io.reactivex.internal.schedulers.ImmediateThinScheduler$ImmediateThinWorker
io.reactivex.internal.operators.observable.ObservableWithLatestFromMany$WithLatestInnerObserver
io.reactivex.internal.operators.maybe.MaybeIsEmptySingle
io.reactivex.android.schedulers.AndroidSchedulers$1
kotlinx.coroutines.internal.LockFreeLinkedListNode$AddLastDesc
io.reactivex.internal.operators.flowable.FlowableFlatMapCompletableCompletable
net.lucode.hackware.magicindicator.R$anim
kotlinx.coroutines.flow.FlowKt__BuildersKt$flowOf$$inlined$unsafeFlow$1$1
kotlinx.coroutines.flow.FlowKt__LimitKt$drop$$inlined$unsafeFlow$1$lambda$1$1
com.google.gson.internal.ConstructorConstructor$14
io.reactivex.internal.operators.flowable.FlowableRangeLong
com.bun.miitmdid.supplier.f.a
kotlinx.coroutines.flow.FlowKt__MergeKt$map$$inlined$unsafeTransform$1$2$1
kotlinx.coroutines.channels.ChannelsKt__Channels_commonKt$all$1
okio.Options
io.reactivex.internal.operators.observable.ObservableInternalHelper$ItemDelayFunction